<?xml version="1.0" encoding="UTF-8"?>
<!-- Generated by org.testng.reporters.JUnitReportReporter -->
<testsuite skipped="0" hostname="LAPTOP-9T0OC1D4" name="Basic.ExpectedException" tests="3" failures="0" timestamp="2020-12-28T18:21:39 PST" time="0.000" errors="0">
  <testcase name="test3" time="0.000" classname="Basic.ExpectedException"/>
  <system-out/>
  <testcase name="test1" time="0.000" classname="Basic.ExpectedException"/>
  <system-out/>
  <testcase name="test2" time="0.000" classname="Basic.ExpectedException"/>
  <system-out/>
</testsuite> <!-- Basic.ExpectedException -->
